# JRE version: OpenJDK Runtime Environment (17.0.7) (build 17.0.7+0-b2043.56-10550314)
# Java VM: OpenJDK 64-Bit Server VM (17.0.7+0-b2043.56-10550314, mixed mode, tiered, compressed oops, compressed class ptrs, g1 gc, windows-amd64)
GC Precious Log:
 CPUs: 4 total, 4 available
 Memory: 6057M
 Large Page Support: Disabled
 NUMA Support: Disabled
 Compressed Oops: Enabled (32-bit)
 Heap Region Size: 1M
 Heap Min Capacity: 8M
 Heap Initial Capacity: 96M
 Heap Max Capacity: 2G
 Pre-touch: Disabled
 Parallel Workers: 4
 Concurrent Workers: 1
 Concurrent Refinement Workers: 4
 Periodic GC: Disabled
Heap:
 garbage-first heap   total 106496K, used 71465K [0x0000000080000000, 0x0000000100000000)
  region size 1024K, 17 young (17408K), 2 survivors (2048K)
 Metaspace       used 47270K, committed 47744K, reserved 1114112K
  class space    used 6303K, committed 6528K, reserved 1048576K
GC Heap History (20 events):
Event: 11.376 GC heap before
{Heap before GC invocations=6 (full 0):
 garbage-first heap   total 68608K, used 55668K [0x0000000080000000, 0x0000000100000000)
  region size 1024K, 30 young (30720K), 2 survivors (2048K)
 Metaspace       used 29873K, committed 30208K, reserved 1114112K
  class space    used 4045K, committed 4224K, reserved 1048576K
}
Event: 11.384 GC heap after
{Heap after GC invocations=7 (full 0):
 garbage-first heap   total 68608K, used 31554K [0x0000000080000000, 0x0000000100000000)
  region size 1024K, 4 young (4096K), 4 survivors (4096K)
 Metaspace       used 29873K, committed 30208K, reserved 1114112K
  class space    used 4045K, committed 4224K, reserved 1048576K
}
Event: 11.452 GC heap before
{Heap before GC invocations=7 (full 0):
 garbage-first heap   total 68608K, used 32578K [0x0000000080000000, 0x0000000100000000)
  region size 1024K, 6 young (6144K), 4 survivors (4096K)
 Metaspace       used 29966K, committed 30336K, reserved 1114112K
  class space    used 4063K, committed 4224K, reserved 1048576K
}
Event: 11.459 GC heap after
{Heap after GC invocations=8 (full 0):
 garbage-first heap   total 68608K, used 32612K [0x0000000080000000, 0x0000000100000000)
  region size 1024K, 1 young (1024K), 1 survivors (1024K)
 Metaspace       used 29966K, committed 30336K, reserved 1114112K
  class space    used 4063K, committed 4224K, reserved 1048576K
}
Event: 11.651 GC heap before
{Heap before GC invocations=9 (full 0):
 garbage-first heap   total 78848K, used 44900K [0x0000000080000000, 0x0000000100000000)
  region size 1024K, 2 young (2048K), 1 survivors (1024K)
 Metaspace       used 29976K, committed 30336K, reserved 1114112K
  class space    used 4063K, committed 4224K, reserved 1048576K
}
Event: 11.653 GC heap after
{Heap after GC invocations=10 (full 0):
 garbage-first heap   total 78848K, used 44684K [0x0000000080000000, 0x0000000100000000)
  region size 1024K, 1 young (1024K), 1 survivors (1024K)
 Metaspace       used 29976K, committed 30336K, reserved 1114112K
  class space    used 4063K, committed 4224K, reserved 1048576K
}
Event: 12.699 GC heap before
{Heap before GC invocations=11 (full 0):
 garbage-first heap   total 81920K, used 63116K [0x0000000080000000, 0x0000000100000000)
  region size 1024K, 18 young (18432K), 1 survivors (1024K)
 Metaspace       used 31888K, committed 32256K, reserved 1114112K
  class space    used 4371K, committed 4544K, reserved 1048576K
}
Event: 12.703 GC heap after
{Heap after GC invocations=12 (full 0):
 garbage-first heap   total 81920K, used 48961K [0x0000000080000000, 0x0000000100000000)
  region size 1024K, 3 young (3072K), 3 survivors (3072K)
 Metaspace       used 31888K, committed 32256K, reserved 1114112K
  class space    used 4371K, committed 4544K, reserved 1048576K
}
Event: 13.335 GC heap before
{Heap before GC invocations=12 (full 0):
 garbage-first heap   total 81920K, used 65345K [0x0000000080000000, 0x0000000100000000)
  region size 1024K, 19 young (19456K), 3 survivors (3072K)
 Metaspace       used 33915K, committed 34304K, reserved 1114112K
  class space    used 4693K, committed 4864K, reserved 1048576K
}
Event: 13.340 GC heap after
{Heap after GC invocations=13 (full 0):
 garbage-first heap   total 81920K, used 50142K [0x0000000080000000, 0x0000000100000000)
  region size 1024K, 1 young (1024K), 1 survivors (1024K)
 Metaspace       used 33915K, committed 34304K, reserved 1114112K
  class space    used 4693K, committed 4864K, reserved 1048576K
}
Event: 14.491 GC heap before
{Heap before GC invocations=14 (full 0):
 garbage-first heap   total 89088K, used 64478K [0x0000000080000000, 0x0000000100000000)
  region size 1024K, 16 young (16384K), 1 survivors (1024K)
 Metaspace       used 36278K, committed 36608K, reserved 1114112K
  class space    used 5045K, committed 5184K, reserved 1048576K
}
Event: 14.496 GC heap after
{Heap after GC invocations=15 (full 0):
 garbage-first heap   total 89088K, used 50710K [0x0000000080000000, 0x0000000100000000)
  region size 1024K, 2 young (2048K), 2 survivors (2048K)
 Metaspace       used 36278K, committed 36608K, reserved 1114112K
  class space    used 5045K, committed 5184K, reserved 1048576K
}
Event: 15.714 GC heap before
{Heap before GC invocations=15 (full 0):
 garbage-first heap   total 89088K, used 71190K [0x0000000080000000, 0x0000000100000000)
  region size 1024K, 22 young (22528K), 2 survivors (2048K)
 Metaspace       used 41312K, committed 41728K, reserved 1114112K
  class space    used 5603K, committed 5824K, reserved 1048576K
}
Event: 15.725 GC heap after
{Heap after GC invocations=16 (full 0):
 garbage-first heap   total 89088K, used 53023K [0x0000000080000000, 0x0000000100000000)
  region size 1024K, 3 young (3072K), 3 survivors (3072K)
 Metaspace       used 41312K, committed 41728K, reserved 1114112K
  class space    used 5603K, committed 5824K, reserved 1048576K
}
Event: 16.227 GC heap before
{Heap before GC invocations=17 (full 0):
 garbage-first heap   total 94208K, used 70431K [0x0000000080000000, 0x0000000100000000)
  region size 1024K, 21 young (21504K), 3 survivors (3072K)
 Metaspace       used 42510K, committed 42944K, reserved 1114112K
  class space    used 5697K, committed 5888K, reserved 1048576K
}
Event: 16.240 GC heap after
{Heap after GC invocations=18 (full 0):
 garbage-first heap   total 94208K, used 55579K [0x0000000080000000, 0x0000000100000000)
  region size 1024K, 3 young (3072K), 3 survivors (3072K)
 Metaspace       used 42510K, committed 42944K, reserved 1114112K
  class space    used 5697K, committed 5888K, reserved 1048576K
}
Event: 16.482 GC heap before
{Heap before GC invocations=18 (full 0):
 garbage-first heap   total 94208K, used 65819K [0x0000000080000000, 0x0000000100000000)
  region size 1024K, 14 young (14336K), 3 survivors (3072K)
 Metaspace       used 42987K, committed 43392K, reserved 1114112K
  class space    used 5744K, committed 5952K, reserved 1048576K
}
Event: 16.489 GC heap after
{Heap after GC invocations=19 (full 0):
 garbage-first heap   total 94208K, used 56276K [0x0000000080000000, 0x0000000100000000)
  region size 1024K, 2 young (2048K), 2 survivors (2048K)
 Metaspace       used 42987K, committed 43392K, reserved 1114112K
  class space    used 5744K, committed 5952K, reserved 1048576K
}
Event: 17.812 GC heap before
{Heap before GC invocations=20 (full 0):
 garbage-first heap   total 106496K, used 80852K [0x0000000080000000, 0x0000000100000000)
  region size 1024K, 21 young (21504K), 2 survivors (2048K)
 Metaspace       used 45798K, committed 46208K, reserved 1114112K
  class space    used 6077K, committed 6272K, reserved 1048576K
}
Event: 17.818 GC heap after
{Heap after GC invocations=21 (full 0):
 garbage-first heap   total 106496K, used 57129K [0x0000000080000000, 0x0000000100000000)
  region size 1024K, 2 young (2048K), 2 survivors (2048K)
 Metaspace       used 45798K, committed 46208K, reserved 1114112K
  class space    used 6077K, committed 6272K, reserved 1048576K
}

